<?xml version="1.0" encoding="UTF-8"?>
<!-- Generated by org.testng.reporters.JUnitReportReporter -->
<testsuite hostname="DESKTOP-M8CJ0LM" failures="0" tests="5" name="com.nopcommerce.user.User_08_Shopping_Cart" time="25.616" errors="0" timestamp="11 Sep 2023 10:25:16 GMT" skipped="0">
  <testcase classname="com.nopcommerce.user.User_08_Shopping_Cart" name="Cart_02_Edit_Product_To_Cart" time="3.789"/>
  <testcase classname="com.nopcommerce.user.User_08_Shopping_Cart" name="Cart_01_Add_Product_To_Cart" time="4.300"/>
  <testcase classname="com.nopcommerce.user.User_08_Shopping_Cart" name="Cart_03_Remove_Product_To_Cart" time="0.575"/>
  <testcase classname="com.nopcommerce.user.User_08_Shopping_Cart" name="Cart_05_Checkout_Product_To_Cart" time="12.777"/>
  <testcase classname="com.nopcommerce.user.User_08_Shopping_Cart" name="Cart_04_Update_Product_To_Cart" time="4.175"/>
</testsuite> <!-- com.nopcommerce.user.User_08_Shopping_Cart -->
