<?xml version="1.0" encoding="UTF-8"?>
<!-- Generated by org.testng.reporters.JUnitReportReporter -->
<testsuite hostname="DESKTOP-M8CJ0LM" failures="0" tests="12" name="com.nopcommerce.user.Level_06_PageGenerator_Manager" time="17.305" errors="0" timestamp="27 Jul 2023 07:59:10 GMT" skipped="0">
  <testcase classname="com.nopcommerce.user.Level_06_PageGenerator_Manager" name="Login_03_Email_Not_Found" time="1.750"/>
  <testcase classname="com.nopcommerce.user.Level_06_PageGenerator_Manager" name="Login_03_Email_Not_Found" time="1.408"/>
  <testcase classname="com.nopcommerce.user.Level_06_PageGenerator_Manager" name="Login_04_Existing_Email_Empty_Password" time="1.559"/>
  <testcase classname="com.nopcommerce.user.Level_06_PageGenerator_Manager" name="Login_01_Empty_Data" time="0.449"/>
  <testcase classname="com.nopcommerce.user.Level_06_PageGenerator_Manager" name="Login_05_Existing_Email_Incorrect_Password" time="1.749"/>
  <testcase classname="com.nopcommerce.user.Level_06_PageGenerator_Manager" name="Login_01_Empty_Data" time="0.423"/>
  <testcase classname="com.nopcommerce.user.Level_06_PageGenerator_Manager" name="Login_06_Valid_Email_Password" time="2.338"/>
  <testcase classname="com.nopcommerce.user.Level_06_PageGenerator_Manager" name="Login_05_Existing_Email_Incorrect_Password" time="1.531"/>
  <testcase classname="com.nopcommerce.user.Level_06_PageGenerator_Manager" name="Login_06_Valid_Email_Password" time="1.910"/>
  <testcase classname="com.nopcommerce.user.Level_06_PageGenerator_Manager" name="Login_02_Invalid_Email" time="1.501"/>
  <testcase classname="com.nopcommerce.user.Level_06_PageGenerator_Manager" name="Login_04_Existing_Email_Empty_Password" time="1.221"/>
  <testcase classname="com.nopcommerce.user.Level_06_PageGenerator_Manager" name="Login_02_Invalid_Email" time="1.466"/>
</testsuite> <!-- com.nopcommerce.user.Level_06_PageGenerator_Manager -->
