<?xml version="1.0" encoding="UTF-8"?>
<!-- Generated by org.testng.reporters.JUnitReportReporter -->
<testsuite hostname="DESKTOP-M8CJ0LM" failures="0" tests="2" name="com.jquery.datatable.Level10_Datatable_Datagirid" time="36.322" errors="0" timestamp="20 Jul 2023 19:20:13 GMT" skipped="0">
  <testcase classname="com.jquery.datatable.Level10_Datatable_Datagirid" name="Table_01_Paging" time="32.244"/>
  <testcase classname="com.jquery.datatable.Level10_Datatable_Datagirid" name="Table_02_Enter_To_Header" time="4.078"/>
</testsuite> <!-- com.jquery.datatable.Level10_Datatable_Datagirid -->
