<?xml version="1.0" encoding="UTF-8"?>
<!-- Generated by org.testng.reporters.JUnitReportReporter -->
<testsuite hostname="DESKTOP-M8CJ0LM" failures="0" tests="8" name="com.nopcommerce.user.User_04_Advanced_Search" time="8.105" errors="0" timestamp="02 Aug 2023 12:56:55 GMT" skipped="0">
  <testcase classname="com.nopcommerce.user.User_04_Advanced_Search" name="Search_03_Product_Name_Relative" time="0.833"/>
  <testcase classname="com.nopcommerce.user.User_04_Advanced_Search" name="Search_02_Data_Not_Exist" time="0.706"/>
  <testcase classname="com.nopcommerce.user.User_04_Advanced_Search" name="Search_05_Parent_Categories" time="1.329"/>
  <testcase classname="com.nopcommerce.user.User_04_Advanced_Search" name="Search_08_correct_Manufaturer" time="1.267"/>
  <testcase classname="com.nopcommerce.user.User_04_Advanced_Search" name="Search_06_Sub_Categories" time="1.265"/>
  <testcase classname="com.nopcommerce.user.User_04_Advanced_Search" name="Search_01_Empty_Data" time="0.688"/>
  <testcase classname="com.nopcommerce.user.User_04_Advanced_Search" name="Search_04_Product_Name_Absolute" time="0.729"/>
  <testcase classname="com.nopcommerce.user.User_04_Advanced_Search" name="Search_07_Incorrect_Manufaturer" time="1.288"/>
</testsuite> <!-- com.nopcommerce.user.User_04_Advanced_Search -->
