<?xml version="1.0" encoding="UTF-8"?>
<!-- Generated by org.testng.reporters.JUnitReportReporter -->
<testsuite hostname="DESKTOP-M8CJ0LM" failures="0" tests="7" name="com.nopcommerce.user.User_05_Products_Sort" time="22.005" errors="0" timestamp="03 Aug 2023 16:34:16 GMT" skipped="0">
  <testcase classname="com.nopcommerce.user.User_05_Products_Sort" name="Sort_Products_02_Sort_With_Name_Z_To_A" time="1.446"/>
  <testcase classname="com.nopcommerce.user.User_05_Products_Sort" name="Sort_Products_07_Display_9_Products" time="6.396"/>
  <testcase classname="com.nopcommerce.user.User_05_Products_Sort" name="Sort_Products_04_Sort_With_Price_High_To_Low" time="1.391"/>
  <testcase classname="com.nopcommerce.user.User_05_Products_Sort" name="Sort_Products_03_Sort_With_Price_Low_To_High" time="1.400"/>
  <testcase classname="com.nopcommerce.user.User_05_Products_Sort" name="Sort_Products_01_Sort_With_Name_A_To_Z" time="3.073"/>
  <testcase classname="com.nopcommerce.user.User_05_Products_Sort" name="Sort_Products_05_Display_3_Products" time="1.924"/>
  <testcase classname="com.nopcommerce.user.User_05_Products_Sort" name="Sort_Products_06_Display_6_Products" time="6.375"/>
</testsuite> <!-- com.nopcommerce.user.User_05_Products_Sort -->
