<?xml version="1.0" encoding="UTF-8"?>
<!-- Generated by org.testng.reporters.JUnitReportReporter -->
<testsuite hostname="DESKTOP-M8CJ0LM" failures="0" tests="7" name="com.nopcommerce.user.User_05_Products_Sort" time="21.956" errors="0" timestamp="11 Sep 2023 10:25:16 GMT" skipped="0">
  <testcase classname="com.nopcommerce.user.User_05_Products_Sort" name="Sort_Products_05_Display_3_Products" time="1.970"/>
  <testcase classname="com.nopcommerce.user.User_05_Products_Sort" name="Sort_Products_07_Display_9_Products" time="6.425"/>
  <testcase classname="com.nopcommerce.user.User_05_Products_Sort" name="Sort_Products_06_Display_6_Products" time="6.361"/>
  <testcase classname="com.nopcommerce.user.User_05_Products_Sort" name="Sort_Products_03_Sort_With_Price_Low_To_High" time="1.398"/>
  <testcase classname="com.nopcommerce.user.User_05_Products_Sort" name="Sort_Products_02_Sort_With_Name_Z_To_A" time="1.421"/>
  <testcase classname="com.nopcommerce.user.User_05_Products_Sort" name="Sort_Products_04_Sort_With_Price_High_To_Low" time="1.389"/>
  <testcase classname="com.nopcommerce.user.User_05_Products_Sort" name="Sort_Products_01_Sort_With_Name_A_To_Z" time="2.992"/>
</testsuite> <!-- com.nopcommerce.user.User_05_Products_Sort -->
