<?xml version="1.0" encoding="UTF-8"?>
<!-- Generated by org.testng.reporters.JUnitReportReporter -->
<testsuite hostname="DESKTOP-M8CJ0LM" failures="0" tests="1" name="com.nopcommerce.user.User_02_Login" time="0.406" errors="0" timestamp="11 Sep 2023 10:25:16 GMT" skipped="0">
  <testcase classname="com.nopcommerce.user.User_02_Login" name="Login_01_Empty_Data" time="0.406"/>
</testsuite> <!-- com.nopcommerce.user.User_02_Login -->
