<?xml version="1.0" encoding="UTF-8"?>
<!-- Generated by org.testng.reporters.JUnitReportReporter -->
<testsuite hostname="DESKTOP-M8CJ0LM" failures="0" tests="1" name="javaBasic.Topic_01_For" time="0.009" errors="0" timestamp="05 Jul 2023 17:58:42 GMT" skipped="0">
  <testcase classname="javaBasic.Topic_01_For" name="TC_01_Find_Max_Number" time="0.009"/>
</testsuite> <!-- javaBasic.Topic_01_For -->
