<?xml version="1.0" encoding="UTF-8"?>
<!-- Generated by org.testng.reporters.JUnitReportReporter -->
<testsuite hostname="DESKTOP-M8CJ0LM" failures="0" tests="3" name="com.nopcommerce.user.User_03_My_Account" time="12.923" errors="0" timestamp="02 Aug 2023 05:10:21 GMT" skipped="0">
  <testcase classname="com.nopcommerce.user.User_03_My_Account" name="Myaccount_03_Change_Password" time="5.712"/>
  <testcase classname="com.nopcommerce.user.User_03_My_Account" name="Myaccount_01_Customer_info" time="3.620"/>
  <testcase classname="com.nopcommerce.user.User_03_My_Account" name="Myaccount_02_Customer_info_Addresses" time="3.591"/>
</testsuite> <!-- com.nopcommerce.user.User_03_My_Account -->
