<?xml version="1.0" encoding="UTF-8"?>
<!-- Generated by org.testng.reporters.JUnitReportReporter -->
<testsuite hostname="DESKTOP-M8CJ0LM" failures="0" tests="6" name="com.nopcommerce.user.Level_02_Apply_BasePage_I" time="7.475" errors="0" timestamp="13 Jul 2023 19:15:15 GMT" skipped="0">
  <testcase classname="com.nopcommerce.user.Level_02_Apply_BasePage_I" name="TC_03_Register_Success" time="2.107"/>
  <testcase classname="com.nopcommerce.user.Level_02_Apply_BasePage_I" name="TC_01_Register_Empty_Data" time="1.485"/>
  <testcase classname="com.nopcommerce.user.Level_02_Apply_BasePage_I" name="TC_06_Register_Invalid_Comfirm_Password" time="0.002"/>
  <testcase classname="com.nopcommerce.user.Level_02_Apply_BasePage_I" name="TC_05_Register_Password_Less_Than_6_Chars" time="0.947"/>
  <testcase classname="com.nopcommerce.user.Level_02_Apply_BasePage_I" name="TC_04_Register_Existing_Email" time="1.225"/>
  <testcase classname="com.nopcommerce.user.Level_02_Apply_BasePage_I" name="TC_02_Register_Invalid_Email" time="1.709"/>
</testsuite> <!-- com.nopcommerce.user.Level_02_Apply_BasePage_I -->
