<?xml version="1.0" encoding="UTF-8"?>
<!-- Generated by org.testng.reporters.JUnitReportReporter -->
<testsuite hostname="DESKTOP-M8CJ0LM" failures="0" tests="8" name="com.nopcommerce.user.User_04_Advanced_Search" time="8.185" errors="0" timestamp="11 Sep 2023 10:25:16 GMT" skipped="0">
  <testcase classname="com.nopcommerce.user.User_04_Advanced_Search" name="Search_02_Data_Not_Exist" time="0.733"/>
  <testcase classname="com.nopcommerce.user.User_04_Advanced_Search" name="Search_08_correct_Manufaturer" time="1.251"/>
  <testcase classname="com.nopcommerce.user.User_04_Advanced_Search" name="Search_06_Sub_Categories" time="1.212"/>
  <testcase classname="com.nopcommerce.user.User_04_Advanced_Search" name="Search_03_Product_Name_Relative" time="0.816"/>
  <testcase classname="com.nopcommerce.user.User_04_Advanced_Search" name="Search_04_Product_Name_Absolute" time="0.844"/>
  <testcase classname="com.nopcommerce.user.User_04_Advanced_Search" name="Search_05_Parent_Categories" time="1.372"/>
  <testcase classname="com.nopcommerce.user.User_04_Advanced_Search" name="Search_07_Incorrect_Manufaturer" time="1.363"/>
  <testcase classname="com.nopcommerce.user.User_04_Advanced_Search" name="Search_01_Empty_Data" time="0.594"/>
</testsuite> <!-- com.nopcommerce.user.User_04_Advanced_Search -->
