<?xml version="1.0" encoding="UTF-8"?>
<!-- Generated by org.testng.reporters.JUnitReportReporter -->
<testsuite hostname="DESKTOP-M8CJ0LM" failures="0" tests="5" name="com.nopcommerce.user.User_07_Wishlist" time="18.968" errors="0" timestamp="11 Sep 2023 10:25:16 GMT" skipped="0">
  <testcase classname="com.nopcommerce.user.User_07_Wishlist" name="Wishlist_02_Add_Product_To_Cart" time="1.293"/>
  <testcase classname="com.nopcommerce.user.User_07_Wishlist" name="Wishlist_01_Add_Product_Wishlist" time="2.867"/>
  <testcase classname="com.nopcommerce.user.User_07_Wishlist" name="Wishlist_05_Recently_Viewed_Products" time="7.857"/>
  <testcase classname="com.nopcommerce.user.User_07_Wishlist" name="Wishlist_03_Remove_Product_In_Wishlist" time="1.527"/>
  <testcase classname="com.nopcommerce.user.User_07_Wishlist" name="Wishlist_04_Add_Product_To_Compare" time="5.424"/>
</testsuite> <!-- com.nopcommerce.user.User_07_Wishlist -->
