<?xml version="1.0" encoding="UTF-8"?>
<!-- Generated by org.testng.reporters.JUnitReportReporter -->
<testsuite hostname="DESKTOP-M8CJ0LM" failures="0" tests="2" name="com.nopcommerce.user.Level_08_Switch_Role" time="10.932" errors="0" timestamp="19 Jul 2023 08:17:16 GMT" skipped="0">
  <testcase classname="com.nopcommerce.user.Level_08_Switch_Role" name="Role_01_User" time="8.917"/>
  <testcase classname="com.nopcommerce.user.Level_08_Switch_Role" name="Role_02_Admin" time="2.015"/>
</testsuite> <!-- com.nopcommerce.user.Level_08_Switch_Role -->
