<?xml version="1.0" encoding="UTF-8"?>
<!-- Generated by org.testng.reporters.JUnitReportReporter -->
<testsuite hostname="DESKTOP-M8CJ0LM" failures="0" tests="6" name="com.nopcommerce.user.User_01_Register" time="10.963" errors="0" timestamp="23 Aug 2023 18:24:04 GMT" skipped="0">
  <testcase classname="com.nopcommerce.user.User_01_Register" name="TC_06_Register_Invalid_Comfirm_Password" time="2.448"/>
  <testcase classname="com.nopcommerce.user.User_01_Register" name="TC_01_Register_Empty_Data" time="1.879"/>
  <testcase classname="com.nopcommerce.user.User_01_Register" name="TC_03_Register_Success" time="1.892"/>
  <testcase classname="com.nopcommerce.user.User_01_Register" name="TC_05_Register_Password_Less_Than_6_Chars" time="1.900"/>
  <testcase classname="com.nopcommerce.user.User_01_Register" name="TC_02_Register_Invalid_Email" time="1.290"/>
  <testcase classname="com.nopcommerce.user.User_01_Register" name="TC_04_Register_Existing_Email" time="1.554"/>
</testsuite> <!-- com.nopcommerce.user.User_01_Register -->
