<?xml version="1.0" encoding="UTF-8"?>
<!-- Generated by org.testng.reporters.JUnitReportReporter -->
<testsuite hostname="DESKTOP-M8CJ0LM" failures="0" tests="6" name="com.nopcommerce.user.User_01_Register_Login" time="8.439" errors="0" timestamp="12 Jul 2023 14:54:03 GMT" skipped="0">
  <testcase classname="com.nopcommerce.user.User_01_Register_Login" name="TC_03_Register_Success" time="1.831"/>
  <testcase classname="com.nopcommerce.user.User_01_Register_Login" name="TC_04_Register_Existing_Email" time="1.461"/>
  <testcase classname="com.nopcommerce.user.User_01_Register_Login" name="TC_02_Register_Invalid_Email" time="1.458"/>
  <testcase classname="com.nopcommerce.user.User_01_Register_Login" name="TC_06_Register_Invalid_Comfirm_Password" time="0.001"/>
  <testcase classname="com.nopcommerce.user.User_01_Register_Login" name="TC_05_Register_Password_Less_Than_6_Chars" time="1.896"/>
  <testcase classname="com.nopcommerce.user.User_01_Register_Login" name="TC_01_Register_Empty_Data" time="1.792"/>
</testsuite> <!-- com.nopcommerce.user.User_01_Register_Login -->
