<?xml version="1.0" encoding="UTF-8"?>
<!-- Generated by org.testng.reporters.JUnitReportReporter -->
<testsuite hostname="DESKTOP-M8CJ0LM" failures="0" tests="1" name="com.nopcommerce.user.Admin_01_Search_Products" time="6.021" errors="0" timestamp="08 Sep 2023 12:02:03 GMT" skipped="0">
  <testcase classname="com.nopcommerce.user.Admin_01_Search_Products" name="Admin_07_Create_New_Customer" time="6.021"/>
</testsuite> <!-- com.nopcommerce.user.Admin_01_Search_Products -->
