<?xml version="1.0" encoding="UTF-8"?>
<!-- Generated by org.testng.reporters.JUnitReportReporter -->
<testsuite hostname="DESKTOP-M8CJ0LM" failures="0" tests="7" name="com.nopcommerce.admin.Admin_01_Search_Products" time="15.044" errors="0" timestamp="08 Sep 2023 05:15:43 GMT" skipped="0">
  <testcase classname="com.nopcommerce.admin.Admin_01_Search_Products" name="Admin_07_Create_New_Customer" time="0.003"/>
  <testcase classname="com.nopcommerce.admin.Admin_01_Search_Products" name="Admin_06_Search_With_Product_Go_Directly" time="0.004"/>
  <testcase classname="com.nopcommerce.admin.Admin_01_Search_Products" name="Admin_03_Search_With_Product_Name_Catefory_Checked" time="0.003"/>
  <testcase classname="com.nopcommerce.admin.Admin_01_Search_Products" name="Admin_05_Search_With_Product_Name_ManuFacTurer" time="0.002"/>
  <testcase classname="com.nopcommerce.admin.Admin_01_Search_Products" name="Admin_02_Search_With_Product_Name_Catefory" time="0.004"/>
  <testcase classname="com.nopcommerce.admin.Admin_01_Search_Products" name="Admin_01_Search_With_Product_Name" time="15.023"/>
  <testcase classname="com.nopcommerce.admin.Admin_01_Search_Products" name="Admin_04_Search_With_Product_Name_Child_Catefory" time="0.005"/>
</testsuite> <!-- com.nopcommerce.admin.Admin_01_Search_Products -->
